# JRE version: Java(TM) SE Runtime Environment (8.0_161-b12) (build 1.8.0_161-b12)
# Java VM: Java HotSpot(TM) 64-Bit Server VM (25.161-b12 mixed mode windows-amd64 compressed oops)
Heap:
 PSYoungGen      total 357888K, used 321668K [0x000000076b300000, 0x000000078d000000, 0x00000007c0000000)
  eden space 337920K, 90% used [0x000000076b300000,0x000000077df404b8,0x000000077fd00000)
  from space 19968K, 71% used [0x000000077fd00000,0x0000000780ae0dc8,0x0000000781080000)
  to   space 20480K, 0% used [0x000000078bc00000,0x000000078bc00000,0x000000078d000000)
 ParOldGen       total 120320K, used 23371K [0x00000006c1800000, 0x00000006c8d80000, 0x000000076b300000)
  object space 120320K, 19% used [0x00000006c1800000,0x00000006c2ed2e98,0x00000006c8d80000)
 Metaspace       used 52000K, capacity 54572K, committed 54608K, reserved 1095680K
  class space    used 7080K, capacity 7549K, committed 7552K, reserved 1048576K
GC Heap History (10 events):
Event: 3.256 GC heap before
{Heap before GC invocations=7 (full 1):
 PSYoungGen      total 141824K, used 141821K [0x000000076b300000, 0x000000077a080000, 0x00000007c0000000)
  eden space 131072K, 100% used [0x000000076b300000,0x0000000773300000,0x0000000773300000)
  from space 10752K, 99% used [0x0000000773300000,0x0000000773d7f438,0x0000000773d80000)
  to   space 11776K, 0% used [0x0000000779500000,0x0000000779500000,0x000000077a080000)
 ParOldGen       total 90112K, used 7400K [0x00000006c1800000, 0x00000006c7000000, 0x000000076b300000)
  object space 90112K, 8% used [0x00000006c1800000,0x00000006c1f3a100,0x00000006c7000000)
 Metaspace       used 29676K, capacity 30780K, committed 30972K, reserved 1075200K
  class space    used 4064K, capacity 4328K, committed 4352K, reserved 1048576K
Event: 3.270 GC heap after
Heap after GC invocations=7 (full 1):
 PSYoungGen      total 225792K, used 11775K [0x000000076b300000, 0x000000077a100000, 0x00000007c0000000)
  eden space 214016K, 0% used [0x000000076b300000,0x000000076b300000,0x0000000778400000)
  from space 11776K, 99% used [0x0000000779500000,0x000000077a07fd60,0x000000077a080000)
  to   space 14848K, 0% used [0x0000000778400000,0x0000000778400000,0x0000000779280000)
 ParOldGen       total 90112K, used 9828K [0x00000006c1800000, 0x00000006c7000000, 0x000000076b300000)
  object space 90112K, 10% used [0x00000006c1800000,0x00000006c2199118,0x00000006c7000000)
 Metaspace       used 29676K, capacity 30780K, committed 30972K, reserved 1075200K
  class space    used 4064K, capacity 4328K, committed 4352K, reserved 1048576K
}
Event: 4.646 GC heap before
{Heap before GC invocations=8 (full 1):
 PSYoungGen      total 225792K, used 225791K [0x000000076b300000, 0x000000077a100000, 0x00000007c0000000)
  eden space 214016K, 100% used [0x000000076b300000,0x0000000778400000,0x0000000778400000)
  from space 11776K, 99% used [0x0000000779500000,0x000000077a07fd60,0x000000077a080000)
  to   space 14848K, 0% used [0x0000000778400000,0x0000000778400000,0x0000000779280000)
 ParOldGen       total 90112K, used 9828K [0x00000006c1800000, 0x00000006c7000000, 0x000000076b300000)
  object space 90112K, 10% used [0x00000006c1800000,0x00000006c2199118,0x00000006c7000000)
 Metaspace       used 34316K, capacity 35950K, committed 36048K, reserved 1081344K
  class space    used 4701K, capacity 5041K, committed 5120K, reserved 1048576K
Event: 4.664 GC heap after
Heap after GC invocations=8 (full 1):
 PSYoungGen      total 228864K, used 14831K [0x000000076b300000, 0x0000000782380000, 0x00000007c0000000)
  eden space 214016K, 0% used [0x000000076b300000,0x000000076b300000,0x0000000778400000)
  from space 14848K, 99% used [0x0000000778400000,0x000000077927be40,0x0000000779280000)
  to   space 19456K, 0% used [0x0000000781080000,0x0000000781080000,0x0000000782380000)
 ParOldGen       total 90112K, used 15293K [0x00000006c1800000, 0x00000006c7000000, 0x000000076b300000)
  object space 90112K, 16% used [0x00000006c1800000,0x00000006c26ef7c0,0x00000006c7000000)
 Metaspace       used 34316K, capacity 35950K, committed 36048K, reserved 1081344K
  class space    used 4701K, capacity 5041K, committed 5120K, reserved 1048576K
}
Event: 4.666 GC heap before
{Heap before GC invocations=9 (full 1):
 PSYoungGen      total 228864K, used 21044K [0x000000076b300000, 0x0000000782380000, 0x00000007c0000000)
  eden space 214016K, 2% used [0x000000076b300000,0x000000076b9111d0,0x0000000778400000)
  from space 14848K, 99% used [0x0000000778400000,0x000000077927be40,0x0000000779280000)
  to   space 19456K, 0% used [0x0000000781080000,0x0000000781080000,0x0000000782380000)
 ParOldGen       total 90112K, used 15293K [0x00000006c1800000, 0x00000006c7000000, 0x000000076b300000)
  object space 90112K, 16% used [0x00000006c1800000,0x00000006c26ef7c0,0x00000006c7000000)
 Metaspace       used 34334K, capacity 35950K, committed 36048K, reserved 1081344K
  class space    used 4704K, capacity 5041K, committed 5120K, reserved 1048576K
Event: 4.677 GC heap after
Heap after GC invocations=9 (full 1):
 PSYoungGen      total 357376K, used 14863K [0x000000076b300000, 0x0000000786180000, 0x00000007c0000000)
  eden space 337920K, 0% used [0x000000076b300000,0x000000076b300000,0x000000077fd00000)
  from space 19456K, 76% used [0x0000000781080000,0x0000000781f03e40,0x0000000782380000)
  to   space 19968K, 0% used [0x000000077fd00000,0x000000077fd00000,0x0000000781080000)
 ParOldGen       total 90112K, used 15293K [0x00000006c1800000, 0x00000006c7000000, 0x000000076b300000)
  object space 90112K, 16% used [0x00000006c1800000,0x00000006c26ef7c0,0x00000006c7000000)
 Metaspace       used 34334K, capacity 35950K, committed 36048K, reserved 1081344K
  class space    used 4704K, capacity 5041K, committed 5120K, reserved 1048576K
}
Event: 4.677 GC heap before
{Heap before GC invocations=10 (full 2):
 PSYoungGen      total 357376K, used 14863K [0x000000076b300000, 0x0000000786180000, 0x00000007c0000000)
  eden space 337920K, 0% used [0x000000076b300000,0x000000076b300000,0x000000077fd00000)
  from space 19456K, 76% used [0x0000000781080000,0x0000000781f03e40,0x0000000782380000)
  to   space 19968K, 0% used [0x000000077fd00000,0x000000077fd00000,0x0000000781080000)
 ParOldGen       total 90112K, used 15293K [0x00000006c1800000, 0x00000006c7000000, 0x000000076b300000)
  object space 90112K, 16% used [0x00000006c1800000,0x00000006c26ef7c0,0x00000006c7000000)
 Metaspace       used 34334K, capacity 35950K, committed 36048K, reserved 1081344K
  class space    used 4704K, capacity 5041K, committed 5120K, reserved 1048576K
Event: 4.741 GC heap after
Heap after GC invocations=10 (full 2):
 PSYoungGen      total 357376K, used 0K [0x000000076b300000, 0x0000000786180000, 0x00000007c0000000)
  eden space 337920K, 0% used [0x000000076b300000,0x000000076b300000,0x000000077fd00000)
  from space 19456K, 0% used [0x0000000781080000,0x0000000781080000,0x0000000782380000)
  to   space 19968K, 0% used [0x000000077fd00000,0x000000077fd00000,0x0000000781080000)
 ParOldGen       total 120320K, used 23363K [0x00000006c1800000, 0x00000006c8d80000, 0x000000076b300000)
  object space 120320K, 19% used [0x00000006c1800000,0x00000006c2ed0e98,0x00000006c8d80000)
 Metaspace       used 34334K, capacity 35950K, committed 36048K, reserved 1081344K
  class space    used 4704K, capacity 5041K, committed 5120K, reserved 1048576K
}
Event: 6.175 GC heap before
{Heap before GC invocations=11 (full 2):
 PSYoungGen      total 357376K, used 337920K [0x000000076b300000, 0x0000000786180000, 0x00000007c0000000)
  eden space 337920K, 100% used [0x000000076b300000,0x000000077fd00000,0x000000077fd00000)
  from space 19456K, 0% used [0x0000000781080000,0x0000000781080000,0x0000000782380000)
  to   space 19968K, 0% used [0x000000077fd00000,0x000000077fd00000,0x0000000781080000)
 ParOldGen       total 120320K, used 23363K [0x00000006c1800000, 0x00000006c8d80000, 0x000000076b300000)
  object space 120320K, 19% used [0x00000006c1800000,0x00000006c2ed0e98,0x00000006c8d80000)
 Metaspace       used 39679K, capacity 41818K, committed 41936K, reserved 1085440K
  class space    used 5474K, capacity 5874K, committed 5888K, reserved 1048576K
Event: 6.190 GC heap after
Heap after GC invocations=11 (full 2):
 PSYoungGen      total 357888K, used 14211K [0x000000076b300000, 0x000000078d000000, 0x00000007c0000000)
  eden space 337920K, 0% used [0x000000076b300000,0x000000076b300000,0x000000077fd00000)
  from space 19968K, 71% used [0x000000077fd00000,0x0000000780ae0dc8,0x0000000781080000)
  to   space 20480K, 0% used [0x000000078bc00000,0x000000078bc00000,0x000000078d000000)
 ParOldGen       total 120320K, used 23371K [0x00000006c1800000, 0x00000006c8d80000, 0x000000076b300000)
  object space 120320K, 19% used [0x00000006c1800000,0x00000006c2ed2e98,0x00000006c8d80000)
 Metaspace       used 39679K, capacity 41818K, committed 41936K, reserved 1085440K
  class space    used 5474K, capacity 5874K, committed 5888K, reserved 1048576K
}

